0.09893250057705553686
0.02643413685658304744
0.02354879325145668318
0.01240499615281089356
0.00862565696293368751
0.00333999931795883265
0.00349556840633119779
0.00478393195042612149
0.00073900534036642427
0.00015302726857999658
0.00008309280565007394
0.00026395204749710313
0.00008893705766491622
0.00000729227942712073
0.00001536047477870927
0.00001649897920091421
0.00000240730816514049
0.00000457899756781012
0.00000140009844776266
0.00000013509873426492
0.00000107049850925458
0.00000014895729759910
0.00000001868820060967
0.00000000536997113565
0.00000005540221357255
0.00000004802579609213
0.00000001304462525974
0.00000000298264188334
0.00000000053085785656
0.00000000037573660925
0.00000000138964727287
0.00000000114291292213
0.00000000083487787987
0.00000000128113645877
0.00000000381206189393
0.00000000146482932932
0.00000000283734957963
0.00000000510587912543
0.00000000139542577914
0.00000000389590692807
0.00000001003323720020
0.00000000568534755336
0.00000001836628587123
0.00000001653440645143
0.00000003410456723494
0.00000000999552914948
0.00000002992940403748
0.00000001602396297173
0.00000003475548775632
0.00000000101029960776
0.00000004932955608122
0.00000003546446813764
0.00000000781183658891
0.00000001559507435484
0.00000001903629544588
0.00000004485543089270
0.00000001155375201125
0.00000007030134180879
0.00000007828993423640
0.00000000822028349756
0.00000003578317628085
0.00000002439507267416
0.00000004862052659441
0.00000000831823420155
0.00000006701079808072
0.00000001048912687409
0.00000000182635663569
0.00000007690188090033
0.00000010097709011707
0.00000004280559104847
0.00000005586075186404
0.00000004322872646541
0.00000008508290399232
0.00000009475679423963
0.00000002970616243650
0.00000008224766935588
0.00000000407252415506
0.00000005925583409443
0.00000015775629818848
0.00000004665636465544

-------------
0.09893250057705553686
0.02643413685658304744
0.02354879325145668318
0.01240499615281089356
0.00862565696293368751
0.00333999931795883265
0.00349556840633119779
0.00478393195042612149
0.00073900534036642427
0.00015302726857999658
0.00008309280565007394
0.00026395204749710313
0.00008893705766491622
0.00000729227942712073
0.00001536047477870927
0.00001649897920091421
0.00000240730816514049
0.00000457899756781012
0.00000140009844776267
0.00000013509873426491
0.00000107049850925456
0.00000014895729759875
0.00000001868820060774
0.00000000536997074574
0.00000005540221025121
0.00000004802569102311
0.00000001304450739263
0.00000000298129702509
0.00000000052350850632
0.00000000031736451928
0.00000000085109395805
0.00000000026609184335
0.00000000007486713466
0.00000000005652810673
0.00000000001794929126
0.00000000002138091888
0.00000000000303455908
0.00000000000335751650
0.00000000000215660983
0.00000000000110967403
0.00000000000047190981
0.00000000000009514211
0.00000000000005457910
0.00000000000003103576
0.00000000000001408218
0.00000000000001353657
0.00000000000003400746
0.00000000000000272018
0.00000000000000672148
0.00000000000000120354
0.00000000000000049769
0.00000000000000049988
0.00000000000000017591
0.00000000000000010025
0.00000000000000007453
0.00000000000000008781
0.00000000000000016005
0.00000000000000003741
0.00000000000000003059
0.00000000000000002510
0.00000000000000002632
0.00000000000000002151
0.00000000000000002991
0.00000000000000001985
0.00000000000000001778
0.00000000000000001426
0.00000000000000002293
0.00000000000000001173
0.00000000000000001775
0.00000000000000001364
0.00000000000000001304
0.00000000000000000596
0.00000000000000000939
0.00000000000000001741
0.00000000000000001469
0.00000000000000000634
0.00000000000000000505
0.00000000000000000425
0.00000000000000000204
0.00000000000000000139

